DEB [20180717-14:05:54.495] thr=1   paramiko.transport: starting thread (client mode): 0x3c1fbd0
DEB [20180717-14:05:54.495] thr=1   paramiko.transport: Local version/idstring: SSH-2.0-paramiko_2.4.1
DEB [20180717-14:05:54.836] thr=1   paramiko.transport: Remote version/idstring: SSH-2.0-OpenSSH_6.6.1
INF [20180717-14:05:54.837] thr=1   paramiko.transport: Connected (version 2.0, client OpenSSH_6.6.1)
DEB [20180717-14:05:54.918] thr=1   paramiko.transport: kex algos:['curve25519-sha256@libssh.org', 'ecdh-sha2-nistp256', 'ecdh-sha2-nistp384', 'ecdh-sha2-nistp521', 'diffie-hellman-group-exchange-sha256', 'diffie-hellman-group-exchange-sha1', 'diffie-hellman-group14-sha1', 'diffie-hellman-group1-sha1'] server key:['ssh-rsa', 'ecdsa-sha2-nistp256', 'ssh-ed25519'] client encrypt:['aes128-ctr', 'aes192-ctr', 'aes256-ctr', 'arcfour256', 'arcfour128', 'aes128-gcm@openssh.com', 'aes256-gcm@openssh.com', 'chacha20-poly1305@openssh.com', 'aes128-cbc', '3des-cbc', 'blowfish-cbc', 'cast128-cbc', 'aes192-cbc', 'aes256-cbc', 'arcfour', 'rijndael-cbc@lysator.liu.se'] server encrypt:['aes128-ctr', 'aes192-ctr', 'aes256-ctr', 'arcfour256', 'arcfour128', 'aes128-gcm@openssh.com', 'aes256-gcm@openssh.com', 'chacha20-poly1305@openssh.com', 'aes128-cbc', '3des-cbc', 'blowfish-cbc', 'cast128-cbc', 'aes192-cbc', 'aes256-cbc', 'arcfour', 'rijndael-cbc@lysator.liu.se'] client mac:['hmac-md5-etm@openssh.com', 'hmac-sha1-etm@openssh.com', 'umac-64-etm@openssh.com', 'umac-128-etm@openssh.com', 'hmac-sha2-256-etm@openssh.com', 'hmac-sha2-512-etm@openssh.com', 'hmac-ripemd160-etm@openssh.com', 'hmac-sha1-96-etm@openssh.com', 'hmac-md5-96-etm@openssh.com', 'hmac-md5', 'hmac-sha1', 'umac-64@openssh.com', 'umac-128@openssh.com', 'hmac-sha2-256', 'hmac-sha2-512', 'hmac-ripemd160', 'hmac-ripemd160@openssh.com', 'hmac-sha1-96', 'hmac-md5-96'] server mac:['hmac-md5-etm@openssh.com', 'hmac-sha1-etm@openssh.com', 'umac-64-etm@openssh.com', 'umac-128-etm@openssh.com', 'hmac-sha2-256-etm@openssh.com', 'hmac-sha2-512-etm@openssh.com', 'hmac-ripemd160-etm@openssh.com', 'hmac-sha1-96-etm@openssh.com', 'hmac-md5-96-etm@openssh.com', 'hmac-md5', 'hmac-sha1', 'umac-64@openssh.com', 'umac-128@openssh.com', 'hmac-sha2-256', 'hmac-sha2-512', 'hmac-ripemd160', 'hmac-ripemd160@openssh.com', 'hmac-sha1-96', 'hmac-md5-96'] client compress:['none', 'zlib@openssh.com'] server compress:['none', 'zlib@openssh.com'] client lang:[''] server lang:[''] kex follows?False
DEB [20180717-14:05:54.920] thr=1   paramiko.transport: Kex agreed: ecdh-sha2-nistp256
DEB [20180717-14:05:54.920] thr=1   paramiko.transport: HostKey agreed: ssh-ed25519
DEB [20180717-14:05:54.920] thr=1   paramiko.transport: Cipher agreed: aes128-ctr
DEB [20180717-14:05:54.921] thr=1   paramiko.transport: MAC agreed: hmac-sha2-256
DEB [20180717-14:05:54.921] thr=1   paramiko.transport: Compression agreed: none
DEB [20180717-14:05:55.087] thr=1   paramiko.transport: kex engine KexNistp256 specified hash_algo <built-in function openssl_sha256>
DEB [20180717-14:05:55.088] thr=1   paramiko.transport: Switch to new keys ...
DEB [20180717-14:06:23.404] thr=1   paramiko.transport: userauth is OK
INF [20180717-14:06:23.613] thr=1   paramiko.transport: Authentication (password) successful!
DEB [20180717-14:06:23.617] thr=2   paramiko.transport: [chan 0] Max packet in: 32768 bytes
DEB [20180717-14:06:23.684] thr=1   paramiko.transport: [chan 0] Max packet out: 32768 bytes
DEB [20180717-14:06:23.684] thr=1   paramiko.transport: Secsh channel 0 opened.
DEB [20180717-14:06:23.687] thr=1   paramiko.transport: [chan 0] Sesch channel 0 request ok
DEB [20180717-14:06:23.690] thr=1   paramiko.transport: [chan 0] Sesch channel 0 request ok
DEB [20180717-14:09:51.485] thr=1   paramiko.transport: EOF in transport thread
DEB [20180717-14:10:01.638] thr=1   paramiko.transport: starting thread (client mode): 0x3dbfb10
DEB [20180717-14:10:01.639] thr=1   paramiko.transport: Local version/idstring: SSH-2.0-paramiko_2.4.1
DEB [20180717-14:10:01.655] thr=1   paramiko.transport: Remote version/idstring: SSH-2.0-OpenSSH_6.6.1
INF [20180717-14:10:01.655] thr=1   paramiko.transport: Connected (version 2.0, client OpenSSH_6.6.1)
DEB [20180717-14:10:01.661] thr=1   paramiko.transport: kex algos:['curve25519-sha256@libssh.org', 'ecdh-sha2-nistp256', 'ecdh-sha2-nistp384', 'ecdh-sha2-nistp521', 'diffie-hellman-group-exchange-sha256', 'diffie-hellman-group-exchange-sha1', 'diffie-hellman-group14-sha1', 'diffie-hellman-group1-sha1'] server key:['ssh-rsa', 'ecdsa-sha2-nistp256', 'ssh-ed25519'] client encrypt:['aes128-ctr', 'aes192-ctr', 'aes256-ctr', 'arcfour256', 'arcfour128', 'aes128-gcm@openssh.com', 'aes256-gcm@openssh.com', 'chacha20-poly1305@openssh.com', 'aes128-cbc', '3des-cbc', 'blowfish-cbc', 'cast128-cbc', 'aes192-cbc', 'aes256-cbc', 'arcfour', 'rijndael-cbc@lysator.liu.se'] server encrypt:['aes128-ctr', 'aes192-ctr', 'aes256-ctr', 'arcfour256', 'arcfour128', 'aes128-gcm@openssh.com', 'aes256-gcm@openssh.com', 'chacha20-poly1305@openssh.com', 'aes128-cbc', '3des-cbc', 'blowfish-cbc', 'cast128-cbc', 'aes192-cbc', 'aes256-cbc', 'arcfour', 'rijndael-cbc@lysator.liu.se'] client mac:['hmac-md5-etm@openssh.com', 'hmac-sha1-etm@openssh.com', 'umac-64-etm@openssh.com', 'umac-128-etm@openssh.com', 'hmac-sha2-256-etm@openssh.com', 'hmac-sha2-512-etm@openssh.com', 'hmac-ripemd160-etm@openssh.com', 'hmac-sha1-96-etm@openssh.com', 'hmac-md5-96-etm@openssh.com', 'hmac-md5', 'hmac-sha1', 'umac-64@openssh.com', 'umac-128@openssh.com', 'hmac-sha2-256', 'hmac-sha2-512', 'hmac-ripemd160', 'hmac-ripemd160@openssh.com', 'hmac-sha1-96', 'hmac-md5-96'] server mac:['hmac-md5-etm@openssh.com', 'hmac-sha1-etm@openssh.com', 'umac-64-etm@openssh.com', 'umac-128-etm@openssh.com', 'hmac-sha2-256-etm@openssh.com', 'hmac-sha2-512-etm@openssh.com', 'hmac-ripemd160-etm@openssh.com', 'hmac-sha1-96-etm@openssh.com', 'hmac-md5-96-etm@openssh.com', 'hmac-md5', 'hmac-sha1', 'umac-64@openssh.com', 'umac-128@openssh.com', 'hmac-sha2-256', 'hmac-sha2-512', 'hmac-ripemd160', 'hmac-ripemd160@openssh.com', 'hmac-sha1-96', 'hmac-md5-96'] client compress:['none', 'zlib@openssh.com'] server compress:['none', 'zlib@openssh.com'] client lang:[''] server lang:[''] kex follows?False
DEB [20180717-14:10:01.661] thr=1   paramiko.transport: Kex agreed: ecdh-sha2-nistp256
DEB [20180717-14:10:01.661] thr=1   paramiko.transport: HostKey agreed: ssh-ed25519
DEB [20180717-14:10:01.661] thr=1   paramiko.transport: Cipher agreed: aes128-ctr
DEB [20180717-14:10:01.661] thr=1   paramiko.transport: MAC agreed: hmac-sha2-256
DEB [20180717-14:10:01.661] thr=1   paramiko.transport: Compression agreed: none
DEB [20180717-14:10:01.728] thr=1   paramiko.transport: kex engine KexNistp256 specified hash_algo <built-in function openssl_sha256>
DEB [20180717-14:10:01.729] thr=1   paramiko.transport: Switch to new keys ...
DEB [20180717-14:10:11.954] thr=1   paramiko.transport: userauth is OK
INF [20180717-14:10:12.020] thr=1   paramiko.transport: Authentication (password) successful!
DEB [20180717-14:10:12.022] thr=2   paramiko.transport: [chan 0] Max packet in: 32768 bytes
DEB [20180717-14:10:12.037] thr=1   paramiko.transport: [chan 0] Max packet out: 32768 bytes
DEB [20180717-14:10:12.037] thr=1   paramiko.transport: Secsh channel 0 opened.
DEB [20180717-14:10:12.041] thr=1   paramiko.transport: [chan 0] Sesch channel 0 request ok
DEB [20180717-14:10:12.044] thr=1   paramiko.transport: [chan 0] Sesch channel 0 request ok
DEB [20180717-14:10:38.858] thr=1   paramiko.transport: [chan 0] EOF received (0)
DEB [20180717-14:10:38.858] thr=1   paramiko.transport: [chan 0] EOF sent (0)
DEB [20180717-14:10:44.235] thr=1   paramiko.transport: EOF in transport thread
DEB [20180717-14:12:00.542] thr=1   paramiko.transport: starting thread (client mode): 0x339fb10
DEB [20180717-14:12:00.542] thr=1   paramiko.transport: Local version/idstring: SSH-2.0-paramiko_2.4.1
DEB [20180717-14:12:00.559] thr=1   paramiko.transport: Remote version/idstring: SSH-2.0-OpenSSH_6.6.1
INF [20180717-14:12:00.559] thr=1   paramiko.transport: Connected (version 2.0, client OpenSSH_6.6.1)
DEB [20180717-14:12:00.564] thr=1   paramiko.transport: kex algos:['curve25519-sha256@libssh.org', 'ecdh-sha2-nistp256', 'ecdh-sha2-nistp384', 'ecdh-sha2-nistp521', 'diffie-hellman-group-exchange-sha256', 'diffie-hellman-group-exchange-sha1', 'diffie-hellman-group14-sha1', 'diffie-hellman-group1-sha1'] server key:['ssh-rsa', 'ecdsa-sha2-nistp256', 'ssh-ed25519'] client encrypt:['aes128-ctr', 'aes192-ctr', 'aes256-ctr', 'arcfour256', 'arcfour128', 'aes128-gcm@openssh.com', 'aes256-gcm@openssh.com', 'chacha20-poly1305@openssh.com', 'aes128-cbc', '3des-cbc', 'blowfish-cbc', 'cast128-cbc', 'aes192-cbc', 'aes256-cbc', 'arcfour', 'rijndael-cbc@lysator.liu.se'] server encrypt:['aes128-ctr', 'aes192-ctr', 'aes256-ctr', 'arcfour256', 'arcfour128', 'aes128-gcm@openssh.com', 'aes256-gcm@openssh.com', 'chacha20-poly1305@openssh.com', 'aes128-cbc', '3des-cbc', 'blowfish-cbc', 'cast128-cbc', 'aes192-cbc', 'aes256-cbc', 'arcfour', 'rijndael-cbc@lysator.liu.se'] client mac:['hmac-md5-etm@openssh.com', 'hmac-sha1-etm@openssh.com', 'umac-64-etm@openssh.com', 'umac-128-etm@openssh.com', 'hmac-sha2-256-etm@openssh.com', 'hmac-sha2-512-etm@openssh.com', 'hmac-ripemd160-etm@openssh.com', 'hmac-sha1-96-etm@openssh.com', 'hmac-md5-96-etm@openssh.com', 'hmac-md5', 'hmac-sha1', 'umac-64@openssh.com', 'umac-128@openssh.com', 'hmac-sha2-256', 'hmac-sha2-512', 'hmac-ripemd160', 'hmac-ripemd160@openssh.com', 'hmac-sha1-96', 'hmac-md5-96'] server mac:['hmac-md5-etm@openssh.com', 'hmac-sha1-etm@openssh.com', 'umac-64-etm@openssh.com', 'umac-128-etm@openssh.com', 'hmac-sha2-256-etm@openssh.com', 'hmac-sha2-512-etm@openssh.com', 'hmac-ripemd160-etm@openssh.com', 'hmac-sha1-96-etm@openssh.com', 'hmac-md5-96-etm@openssh.com', 'hmac-md5', 'hmac-sha1', 'umac-64@openssh.com', 'umac-128@openssh.com', 'hmac-sha2-256', 'hmac-sha2-512', 'hmac-ripemd160', 'hmac-ripemd160@openssh.com', 'hmac-sha1-96', 'hmac-md5-96'] client compress:['none', 'zlib@openssh.com'] server compress:['none', 'zlib@openssh.com'] client lang:[''] server lang:[''] kex follows?False
DEB [20180717-14:12:00.564] thr=1   paramiko.transport: Kex agreed: ecdh-sha2-nistp256
DEB [20180717-14:12:00.564] thr=1   paramiko.transport: HostKey agreed: ssh-ed25519
DEB [20180717-14:12:00.565] thr=1   paramiko.transport: Cipher agreed: aes128-ctr
DEB [20180717-14:12:00.565] thr=1   paramiko.transport: MAC agreed: hmac-sha2-256
DEB [20180717-14:12:00.565] thr=1   paramiko.transport: Compression agreed: none
DEB [20180717-14:12:00.635] thr=1   paramiko.transport: kex engine KexNistp256 specified hash_algo <built-in function openssl_sha256>
DEB [20180717-14:12:00.636] thr=1   paramiko.transport: Switch to new keys ...
DEB [20180717-14:12:07.482] thr=1   paramiko.transport: userauth is OK
INF [20180717-14:12:07.543] thr=1   paramiko.transport: Authentication (password) successful!
DEB [20180717-14:12:07.544] thr=2   paramiko.transport: [chan 0] Max packet in: 32768 bytes
DEB [20180717-14:12:07.558] thr=1   paramiko.transport: [chan 0] Max packet out: 32768 bytes
DEB [20180717-14:12:07.558] thr=1   paramiko.transport: Secsh channel 0 opened.
DEB [20180717-14:12:07.559] thr=1   paramiko.transport: [chan 0] Sesch channel 0 request ok
DEB [20180717-14:12:07.560] thr=1   paramiko.transport: [chan 0] Sesch channel 0 request ok
DEB [20180717-14:14:53.765] thr=1   paramiko.transport: starting thread (client mode): 0x3bafb10
DEB [20180717-14:14:53.765] thr=1   paramiko.transport: Local version/idstring: SSH-2.0-paramiko_2.4.1
DEB [20180717-14:14:53.782] thr=1   paramiko.transport: Remote version/idstring: SSH-2.0-OpenSSH_6.6.1
INF [20180717-14:14:53.782] thr=1   paramiko.transport: Connected (version 2.0, client OpenSSH_6.6.1)
DEB [20180717-14:14:53.786] thr=1   paramiko.transport: kex algos:['curve25519-sha256@libssh.org', 'ecdh-sha2-nistp256', 'ecdh-sha2-nistp384', 'ecdh-sha2-nistp521', 'diffie-hellman-group-exchange-sha256', 'diffie-hellman-group-exchange-sha1', 'diffie-hellman-group14-sha1', 'diffie-hellman-group1-sha1'] server key:['ssh-rsa', 'ecdsa-sha2-nistp256', 'ssh-ed25519'] client encrypt:['aes128-ctr', 'aes192-ctr', 'aes256-ctr', 'arcfour256', 'arcfour128', 'aes128-gcm@openssh.com', 'aes256-gcm@openssh.com', 'chacha20-poly1305@openssh.com', 'aes128-cbc', '3des-cbc', 'blowfish-cbc', 'cast128-cbc', 'aes192-cbc', 'aes256-cbc', 'arcfour', 'rijndael-cbc@lysator.liu.se'] server encrypt:['aes128-ctr', 'aes192-ctr', 'aes256-ctr', 'arcfour256', 'arcfour128', 'aes128-gcm@openssh.com', 'aes256-gcm@openssh.com', 'chacha20-poly1305@openssh.com', 'aes128-cbc', '3des-cbc', 'blowfish-cbc', 'cast128-cbc', 'aes192-cbc', 'aes256-cbc', 'arcfour', 'rijndael-cbc@lysator.liu.se'] client mac:['hmac-md5-etm@openssh.com', 'hmac-sha1-etm@openssh.com', 'umac-64-etm@openssh.com', 'umac-128-etm@openssh.com', 'hmac-sha2-256-etm@openssh.com', 'hmac-sha2-512-etm@openssh.com', 'hmac-ripemd160-etm@openssh.com', 'hmac-sha1-96-etm@openssh.com', 'hmac-md5-96-etm@openssh.com', 'hmac-md5', 'hmac-sha1', 'umac-64@openssh.com', 'umac-128@openssh.com', 'hmac-sha2-256', 'hmac-sha2-512', 'hmac-ripemd160', 'hmac-ripemd160@openssh.com', 'hmac-sha1-96', 'hmac-md5-96'] server mac:['hmac-md5-etm@openssh.com', 'hmac-sha1-etm@openssh.com', 'umac-64-etm@openssh.com', 'umac-128-etm@openssh.com', 'hmac-sha2-256-etm@openssh.com', 'hmac-sha2-512-etm@openssh.com', 'hmac-ripemd160-etm@openssh.com', 'hmac-sha1-96-etm@openssh.com', 'hmac-md5-96-etm@openssh.com', 'hmac-md5', 'hmac-sha1', 'umac-64@openssh.com', 'umac-128@openssh.com', 'hmac-sha2-256', 'hmac-sha2-512', 'hmac-ripemd160', 'hmac-ripemd160@openssh.com', 'hmac-sha1-96', 'hmac-md5-96'] client compress:['none', 'zlib@openssh.com'] server compress:['none', 'zlib@openssh.com'] client lang:[''] server lang:[''] kex follows?False
DEB [20180717-14:14:53.787] thr=1   paramiko.transport: Kex agreed: ecdh-sha2-nistp256
DEB [20180717-14:14:53.787] thr=1   paramiko.transport: HostKey agreed: ssh-ed25519
DEB [20180717-14:14:53.787] thr=1   paramiko.transport: Cipher agreed: aes128-ctr
DEB [20180717-14:14:53.787] thr=1   paramiko.transport: MAC agreed: hmac-sha2-256
DEB [20180717-14:14:53.787] thr=1   paramiko.transport: Compression agreed: none
DEB [20180717-14:14:53.859] thr=1   paramiko.transport: kex engine KexNistp256 specified hash_algo <built-in function openssl_sha256>
DEB [20180717-14:14:53.860] thr=1   paramiko.transport: Switch to new keys ...
DEB [20180717-14:14:59.801] thr=1   paramiko.transport: userauth is OK
INF [20180717-14:14:59.867] thr=1   paramiko.transport: Authentication (password) successful!
DEB [20180717-14:14:59.867] thr=2   paramiko.transport: [chan 0] Max packet in: 32768 bytes
DEB [20180717-14:14:59.875] thr=1   paramiko.transport: [chan 0] Max packet out: 32768 bytes
DEB [20180717-14:14:59.875] thr=1   paramiko.transport: Secsh channel 0 opened.
DEB [20180717-14:14:59.877] thr=1   paramiko.transport: [chan 0] Sesch channel 0 request ok
DEB [20180717-14:14:59.881] thr=1   paramiko.transport: [chan 0] Sesch channel 0 request ok
